STEP to UG
! INFO-     NX STEP AP214 - V2206.3001
! INFO-      
! INFO-     Start of Translation: 7-SEP-2022  12:41:01 AM
! INFO-      
! STATUS-   Converting Part: C:\Users\joaki\Downloads\tb67h420ftg-dual-single-motor-driver-carrier.step
! SUMMARY-   
! SUMMARY-    STEP Header Information
! SUMMARY-   
! SUMMARY-  Description      STEP AP214
! SUMMARY-  Imp_Level        1
! SUMMARY-  File_Name        tb67h420ftg-dual-single-motor-driver-carrier.step
! SUMMARY-  Date             2018-04-27T20:53:37
! SUMMARY-  Author           Unknown
! SUMMARY-  Organization     Unknown
! SUMMARY-  Pre_Version      SwSTEP 2.0
! SUMMARY-  Orig_System      SolidWorks 2016
! SUMMARY-  Authorization    Unknown
! SUMMARY-  Schema_ID        automotive_design
! SUMMARY-   
! SUMMARY-    Summary of STEP Entities
! SUMMARY-   
! SUMMARY-  Entity Type                                                   Count
! SUMMARY-  -----------                                                   ------
! SUMMARY-  advanced_face ..............................................:    930
! SUMMARY-  application_context ........................................:      2
! SUMMARY-  axis2_placement_3d .........................................:   1052
! SUMMARY-  b_spline_curve_with_knots ..................................:    362
! SUMMARY-  b_spline_surface_with_knots ................................:    163
! SUMMARY-  cartesian_point ............................................:  12265
! SUMMARY-  circle .....................................................:    284
! SUMMARY-  closed_shell ...............................................:      1
! SUMMARY-  cylindrical_surface ........................................:    139
! SUMMARY-  direction ..................................................:   4175
! SUMMARY-  edge_curve .................................................:   2717
! SUMMARY-  edge_loop ..................................................:   1101
! SUMMARY-  face_bound .................................................:    171
! SUMMARY-  face_outer_bound ...........................................:    930
! SUMMARY-  geometric_representation_context_and_global_uncertainty_a ..:    933
! SUMMARY-  length_unit_and_si_unit ....................................:    933
! SUMMARY-  line .......................................................:   2071
! SUMMARY-  manifold_solid_brep ........................................:      1
! SUMMARY-  oriented_edge ..............................................:   5434
! SUMMARY-  plane ......................................................:    626
! SUMMARY-  plane_angle_unit_and_si_unit ...............................:    933
! SUMMARY-  product ....................................................:      1
! SUMMARY-  product_context ............................................:      1
! SUMMARY-  product_definition .........................................:      1
! SUMMARY-  product_definition_context .................................:      1
! SUMMARY-  product_definition_formation_with_specified_source .........:      1
! SUMMARY-  product_definition_shape ...................................:      1
! SUMMARY-  product_related_product_category ...........................:      1
! SUMMARY-  si_unit_and_solid_angle_unit ...............................:    933
! SUMMARY-  toroidal_surface ...........................................:      2
! SUMMARY-  uncertainty_measure_with_unit ..............................:    933
! SUMMARY-  vector .....................................................:   2071
! SUMMARY-  vertex_point ...............................................:   1790
! SUMMARY-                                                               -------
! SUMMARY-  Total                                                          40959
! STATUS-    
! STATUS-   Converting to Output Form (Phase 2 of 3): 7-SEP-2022 12:41:01 AM
! STATUS-    
! STATUS-    
! STATUS-   Generating UG geometry and placing them in parts
! STATUS-    
! STATUS-   Creating the UG part (Phase 3 of 3): 7-SEP-2022  12:41:05 AM
! INFO-     Filing Part ..: C:\Users\joaki\OneDrive - NTNU\Bielektro 3\kyb\Egg_drop\CAD_filer\tb67h420ftg-dual-single-motor-driver-carrier.prt
! SUMMARY-   
! SUMMARY-  Summary of Unigraphics Part Entities
! SUMMARY-   
! SUMMARY-  Entities Processed             Count
! SUMMARY-  ------------------             -----
! SUMMARY-  Solid .......................:     1
! SUMMARY-                                 -----
! SUMMARY-  Total                              1
! INFO-      
! INFO-     Total number of solids input for this translation       :         1
! INFO-      
! INFO-     Number of solids created without body validation faults :         1
! INFO-      
! INFO-     Number of solids created with body validation fault(s)  :         0
! INFO-      
! INFO-     Number of solids ending up as sheet bodies              :         0
! INFO-      
! INFO-     End of Translation: 7-SEP-2022  12:41:06 AM
! INFO-      
